<?xml version="1.0" encoding="UTF-8"?>
<testsuite name="com.hotelreservation.HotelReservationServiceTest" tests="3" skipped="0" failures="0" errors="0" timestamp="2021-05-21T11:11:44" hostname="BATMAN" time="0.038">
  <properties/>
  <testcase name="given3Hotels_shouldBeAbleToReturnCheapestHotel()" classname="com.hotelreservation.HotelReservationServiceTest" time="0.031"/>
  <testcase name="givenDate_shouldReturnLakeWood()" classname="com.hotelreservation.HotelReservationServiceTest" time="0.002"/>
  <testcase name="givenDateRangeWeShouldGetPriceAccordingToWeekDayAndWeekEnds()" classname="com.hotelreservation.HotelReservationServiceTest" time="0.001"/>
  <system-out><![CDATA[]]></system-out>
  <system-err><![CDATA[]]></system-err>
</testsuite>
