<?xml version="1.0" encoding="UTF-8"?>
<testsuite name="com.hotelreservation.HotelReservationTest" tests="1" skipped="0" failures="0" errors="0" timestamp="2021-05-21T04:01:48" hostname="BATMAN" time="0.037">
  <properties/>
  <testcase name="givenDate_shouldReturnLakeWood()" classname="com.hotelreservation.HotelReservationTest" time="0.037"/>
  <system-out><![CDATA[]]></system-out>
  <system-err><![CDATA[]]></system-err>
</testsuite>
