<?xml version="1.0" encoding="UTF-8"?>
<testsuite name="com.hotelreservation.HotelReservationTest" tests="1" skipped="0" failures="0" errors="0" timestamp="2021-05-21T03:27:06" hostname="BATMAN" time="0.061">
  <properties/>
  <testcase name="givenDate_shouldReturnLakeWood()" classname="com.hotelreservation.HotelReservationTest" time="0.061"/>
  <system-out><![CDATA[The Cheapest Hotel is Lakewood with cost for respective date as 110$
]]></system-out>
  <system-err><![CDATA[]]></system-err>
</testsuite>
