<?xml version="1.0" encoding="UTF-8"?>
<testsuite name="com.hotelreservation.HotelReservationServiceTest" tests="2" skipped="0" failures="0" errors="0" timestamp="2021-05-21T06:09:45" hostname="BATMAN" time="0.037">
  <properties/>
  <testcase name="given3Hotels_shouldBeAbleToReturnCheapestHotel()" classname="com.hotelreservation.HotelReservationServiceTest" time="0.032"/>
  <testcase name="givenDate_shouldReturnLakeWood()" classname="com.hotelreservation.HotelReservationServiceTest" time="0.004"/>
  <system-out><![CDATA[]]></system-out>
  <system-err><![CDATA[]]></system-err>
</testsuite>
